Information: Updating design information... (UID-85)
 
****************************************
Report : timing
        -path full
        -delay min
        -max_paths 1
Design : MyDesign
Version: T-2022.03-SP4
Date   : Mon Dec  9 16:44:41 2024
****************************************

Operating Conditions: fast   Library: NangateOpenCellLibrary_PDKv1_2_v2008_10_fast_nldm
Wire Load Model Mode: top

  Startpoint: matrix_a_rows_COUNTER_reg[6]
              (rising edge-triggered flip-flop clocked by clk)
  Endpoint: matrix_a_rows_COUNTER_reg[6]
            (rising edge-triggered flip-flop clocked by clk)
  Path Group: clk
  Path Type: min

  Point                                                   Incr       Path
  --------------------------------------------------------------------------
  clock clk (rise edge)                                 0.0000     0.0000
  clock network delay (ideal)                           0.0000     0.0000
  matrix_a_rows_COUNTER_reg[6]/CK (DFF_X1)              0.0000     0.0000 r
  matrix_a_rows_COUNTER_reg[6]/Q (DFF_X1)               0.0678     0.0678 r
  U5451/ZN (OAI21_X1)                                   0.0211     0.0889 f
  matrix_a_rows_COUNTER_reg[6]/D (DFF_X1)               0.0000     0.0889 f
  data arrival time                                                0.0889

  clock clk (rise edge)                                 0.0000     0.0000
  clock network delay (ideal)                           0.0000     0.0000
  clock uncertainty                                     0.0500     0.0500
  matrix_a_rows_COUNTER_reg[6]/CK (DFF_X1)              0.0000     0.0500 r
  library hold time                                     0.0006     0.0506
  data required time                                               0.0506
  --------------------------------------------------------------------------
  data required time                                               0.0506
  data arrival time                                               -0.0889
  --------------------------------------------------------------------------
  slack (MET)                                                      0.0383


1
