 
****************************************
Report : timing
        -path full
        -delay max
        -max_paths 1
Design : MyDesign
Version: T-2022.03-SP4
Date   : Mon Dec  9 16:44:42 2024
****************************************

Operating Conditions: slow   Library: NangateOpenCellLibrary_PDKv1_2_v2008_10_slow_nldm
Wire Load Model Mode: top

  Startpoint: C_row_counter_reg[1]
              (rising edge-triggered flip-flop clocked by clk)
  Endpoint: sram_result_read_address_reg[11]
            (rising edge-triggered flip-flop clocked by clk)
  Path Group: clk
  Path Type: max

  Point                                                   Incr       Path
  --------------------------------------------------------------------------
  clock clk (rise edge)                                 0.0000     0.0000
  clock network delay (ideal)                           0.0000     0.0000
  C_row_counter_reg[1]/CK (DFF_X1)                      0.0000     0.0000 r
  C_row_counter_reg[1]/Q (DFF_X1)                       0.5046     0.5046 r
  U1406/ZN (INV_X1)                                     0.1276     0.6322 f
  U1469/ZN (AOI22_X2)                                   0.3097     0.9419 r
  U2227/ZN (OAI21_X1)                                   0.1166     1.0585 f
  U2229/ZN (NAND2_X1)                                   0.1188     1.1773 r
  U1394/ZN (NAND2_X1)                                   0.0743     1.2516 f
  U2232/ZN (NAND2_X1)                                   0.1089     1.3605 r
  U2234/ZN (NAND2_X1)                                   0.0742     1.4347 f
  U1389/ZN (NAND2_X1)                                   0.1159     1.5506 r
  U2238/ZN (AOI21_X1)                                   0.0953     1.6458 f
  U2241/ZN (OAI21_X1)                                   0.2408     1.8866 r
  U1382/ZN (NAND2_X2)                                   0.1291     2.0157 f
  U1465/ZN (NAND2_X2)                                   0.1720     2.1877 r
  U1464/ZN (INV_X8)                                     0.1189     2.3066 f
  U3136/ZN (AOI22_X1)                                   0.5758     2.8824 r
  U3137/ZN (NOR2_X1)                                    0.2356     3.1180 f
  U3202/CO (FA_X1)                                      0.6799     3.7979 f
  U3234/CO (FA_X1)                                      0.6211     4.4189 f
  U3190/S (FA_X1)                                       0.8784     5.2974 f
  U3241/S (FA_X1)                                       0.7027     6.0001 f
  U3243/ZN (OR2_X1)                                     0.2535     6.2536 f
  U1315/ZN (AOI22_X2)                                   0.2572     6.5108 r
  U3244/ZN (INV_X2)                                     0.0819     6.5928 f
  U3332/CO (FA_X1)                                      0.4873     7.0800 f
  U4686/S (FA_X1)                                       0.7308     7.8108 f
  U4646/CO (FA_X1)                                      0.5700     8.3808 f
  U4687/ZN (XNOR2_X1)                                   0.2675     8.6483 f
  U4688/ZN (AOI21_X1)                                   0.1915     8.8398 r
  U1320/ZN (INV_X1)                                     0.0913     8.9310 f
  U1778/ZN (XNOR2_X1)                                   0.2432     9.1742 r
  U1777/ZN (XNOR2_X1)                                   0.3555     9.5297 r
  U1310/ZN (NAND2_X2)                                   0.0724     9.6021 f
  U1285/ZN (NAND2_X1)                                   0.1293     9.7314 r
  sram_result_read_address_reg[11]/D (DFF_X2)           0.0000     9.7314 r
  data arrival time                                                9.7314

  clock clk (rise edge)                                10.0000    10.0000
  clock network delay (ideal)                           0.0000    10.0000
  clock uncertainty                                    -0.0500     9.9500
  sram_result_read_address_reg[11]/CK (DFF_X2)          0.0000     9.9500 r
  library setup time                                   -0.2042     9.7458
  data required time                                               9.7458
  --------------------------------------------------------------------------
  data required time                                               9.7458
  data arrival time                                               -9.7314
  --------------------------------------------------------------------------
  slack (MET)                                                      0.0144


1
